<testsuite tests='2' results='2' failures='0' disabled='0' errors='0' time='0.147' name='behavior.artikkelin_luonti'>
  <testcase classname='behavior.artikkelin_luonti' name='käyttäjä voi lisätä kunnollisen viitteen' time='0.044' />
  <testcase classname='behavior.artikkelin_luonti' name='Käyttäjä ei voi lisätä viitettä tyhjillä pakollisilla kentillä' time='0.039' />
</testsuite>