<testsuite tests='1' results='1' failures='0' disabled='0' errors='0' time='0.345' name='behavior.inproceedingsin_luonti'>
  <testcase classname='behavior.inproceedingsin_luonti' name='Käyttäjä voi lisätä oikeellisen inproceedings-viitteen' time='0.241' />
</testsuite>