<testsuite tests='1' results='1' failures='0' disabled='0' errors='0' time='1.42' name='behavior.artikkelin_luonti'>
  <testcase classname='behavior.artikkelin_luonti' name='käyttäjä voi lisätä kunnollisen viitteen' time='0.626' />
</testsuite>