<?xml version="1.0" encoding="UTF-8" ?>
<testsuite failures="0" time="0.024" errors="0" skipped="0" tests="31" name="kivaryhma.InproceedingsTest">
  <properties>
    <property name="java.runtime.name" value="OpenJDK Runtime Environment"/>
    <property name="sun.boot.library.path" value="/usr/lib/jvm/java-7-openjdk-amd64/jre/lib/amd64"/>
    <property name="java.vm.version" value="24.95-b01"/>
    <property name="user.country.format" value="FI"/>
    <property name="java.vm.vendor" value="Oracle Corporation"/>
    <property name="java.vendor.url" value="http://java.oracle.com/"/>
    <property name="path.separator" value=":"/>
    <property name="guice.disable.misplaced.annotation.check" value="true"/>
    <property name="java.vm.name" value="OpenJDK 64-Bit Server VM"/>
    <property name="file.encoding.pkg" value="sun.io"/>
    <property name="user.country" value="GB"/>
    <property name="sun.java.launcher" value="SUN_STANDARD"/>
    <property name="sun.os.patch.level" value="unknown"/>
    <property name="java.vm.specification.name" value="Java Virtual Machine Specification"/>
    <property name="user.dir" value="/home/hyttijan/Kiva-ryhma"/>
    <property name="java.runtime.version" value="1.7.0_95-b00"/>
    <property name="java.awt.graphicsenv" value="sun.awt.X11GraphicsEnvironment"/>
    <property name="java.endorsed.dirs" value="/usr/lib/jvm/java-7-openjdk-amd64/jre/lib/endorsed"/>
    <property name="os.arch" value="amd64"/>
    <property name="java.io.tmpdir" value="/tmp"/>
    <property name="line.separator" value="
"/>
    <property name="java.vm.specification.vendor" value="Oracle Corporation"/>
    <property name="os.name" value="Linux"/>
    <property name="maven.ext.class.path" value="/home/hyttijan/.netbeans/8.0/maven-nblib/netbeans-eventspy.jar"/>
    <property name="classworlds.conf" value="/home/hyttijan/.netbeans/8.0/maven/bin/m2.conf"/>
    <property name="sun.jnu.encoding" value="UTF-8"/>
    <property name="java.library.path" value="/usr/lib/jvm/default-java/jre/lib/amd64:/usr/lib/jvm/default-java/jre/lib/i386::/usr/java/packages/lib/amd64:/usr/lib/x86_64-linux-gnu/jni:/lib/x86_64-linux-gnu:/usr/lib/x86_64-linux-gnu:/usr/lib/jni:/lib:/usr/lib"/>
    <property name="java.specification.name" value="Java Platform API Specification"/>
    <property name="java.class.version" value="51.0"/>
    <property name="sun.management.compiler" value="HotSpot 64-Bit Tiered Compilers"/>
    <property name="os.version" value="3.19.0-58-generic"/>
    <property name="user.home" value="/home/hyttijan"/>
    <property name="user.timezone" value="Europe/Helsinki"/>
    <property name="java.awt.printerjob" value="sun.print.PSPrinterJob"/>
    <property name="java.specification.version" value="1.7"/>
    <property name="file.encoding" value="UTF-8"/>
    <property name="user.name" value="hyttijan"/>
    <property name="java.class.path" value="/home/hyttijan/.netbeans/8.0/maven/boot/plexus-classworlds-2.4.jar"/>
    <property name="java.vm.specification.version" value="1.7"/>
    <property name="sun.arch.data.model" value="64"/>
    <property name="java.home" value="/usr/lib/jvm/java-7-openjdk-amd64/jre"/>
    <property name="sun.java.command" value="org.codehaus.plexus.classworlds.launcher.Launcher -Dmaven.ext.class.path=/home/hyttijan/.netbeans/8.0/maven-nblib/netbeans-eventspy.jar clean install"/>
    <property name="java.specification.vendor" value="Oracle Corporation"/>
    <property name="user.language" value="en"/>
    <property name="user.language.format" value="fi"/>
    <property name="awt.toolkit" value="sun.awt.X11.XToolkit"/>
    <property name="java.vm.info" value="mixed mode"/>
    <property name="java.version" value="1.7.0_95"/>
    <property name="java.ext.dirs" value="/usr/lib/jvm/java-7-openjdk-amd64/jre/lib/ext:/usr/java/packages/lib/ext"/>
    <property name="securerandom.source" value="file:/dev/./urandom"/>
    <property name="sun.boot.class.path" value="/usr/lib/jvm/java-7-openjdk-amd64/jre/lib/resources.jar:/usr/lib/jvm/java-7-openjdk-amd64/jre/lib/rt.jar:/usr/lib/jvm/java-7-openjdk-amd64/jre/lib/sunrsasign.jar:/usr/lib/jvm/java-7-openjdk-amd64/jre/lib/jsse.jar:/usr/lib/jvm/java-7-openjdk-amd64/jre/lib/jce.jar:/usr/lib/jvm/java-7-openjdk-amd64/jre/lib/charsets.jar:/usr/lib/jvm/java-7-openjdk-amd64/jre/lib/rhino.jar:/usr/lib/jvm/java-7-openjdk-amd64/jre/lib/jfr.jar:/usr/lib/jvm/java-7-openjdk-amd64/jre/classes"/>
    <property name="java.vendor" value="Oracle Corporation"/>
    <property name="maven.home" value="/home/hyttijan/.netbeans/8.0/maven"/>
    <property name="file.separator" value="/"/>
    <property name="java.vendor.url.bug" value="http://bugreport.sun.com/bugreport/"/>
    <property name="sun.cpu.endian" value="little"/>
    <property name="sun.io.unicode.encoding" value="UnicodeLittle"/>
    <property name="sun.desktop" value="gnome"/>
    <property name="sun.cpu.isalist" value=""/>
  </properties>
  <testcase time="0" classname="kivaryhma.InproceedingsTest" name="testGetBooktitle"/>
  <testcase time="0" classname="kivaryhma.InproceedingsTest" name="testSetBooktitle"/>
  <testcase time="0" classname="kivaryhma.InproceedingsTest" name="testGetEditor"/>
  <testcase time="0" classname="kivaryhma.InproceedingsTest" name="testSetEditor"/>
  <testcase time="0" classname="kivaryhma.InproceedingsTest" name="testGetSeries"/>
  <testcase time="0" classname="kivaryhma.InproceedingsTest" name="testSetSeries"/>
  <testcase time="0" classname="kivaryhma.InproceedingsTest" name="testGetAddress"/>
  <testcase time="0" classname="kivaryhma.InproceedingsTest" name="testSetAddress"/>
  <testcase time="0.001" classname="kivaryhma.InproceedingsTest" name="testGetEdition"/>
  <testcase time="0" classname="kivaryhma.InproceedingsTest" name="testSetEdition"/>
  <testcase time="0.001" classname="kivaryhma.InproceedingsTest" name="testGetOrganization"/>
  <testcase time="0" classname="kivaryhma.InproceedingsTest" name="testSetOrganization"/>
  <testcase time="0" classname="kivaryhma.InproceedingsTest" name="testGetPublisher"/>
  <testcase time="0" classname="kivaryhma.InproceedingsTest" name="testSetPublisher"/>
  <testcase time="0" classname="kivaryhma.InproceedingsTest" name="testGetAuthor"/>
  <testcase time="0.001" classname="kivaryhma.InproceedingsTest" name="testSetAuthor"/>
  <testcase time="0" classname="kivaryhma.InproceedingsTest" name="testGetTitle"/>
  <testcase time="0" classname="kivaryhma.InproceedingsTest" name="testSetTitle"/>
  <testcase time="0" classname="kivaryhma.InproceedingsTest" name="testGetYear"/>
  <testcase time="0" classname="kivaryhma.InproceedingsTest" name="testSetYear"/>
  <testcase time="0.001" classname="kivaryhma.InproceedingsTest" name="testGetVolume"/>
  <testcase time="0" classname="kivaryhma.InproceedingsTest" name="testSetVolume"/>
  <testcase time="0" classname="kivaryhma.InproceedingsTest" name="testGetPages"/>
  <testcase time="0" classname="kivaryhma.InproceedingsTest" name="testSetPages"/>
  <testcase time="0" classname="kivaryhma.InproceedingsTest" name="testGetMonth"/>
  <testcase time="0.001" classname="kivaryhma.InproceedingsTest" name="testSetMonth"/>
  <testcase time="0" classname="kivaryhma.InproceedingsTest" name="testGetNote"/>
  <testcase time="0" classname="kivaryhma.InproceedingsTest" name="testSetNote"/>
  <testcase time="0" classname="kivaryhma.InproceedingsTest" name="testGetKey"/>
  <testcase time="0" classname="kivaryhma.InproceedingsTest" name="testSetKey"/>
  <testcase time="0" classname="kivaryhma.InproceedingsTest" name="testToBibtex"/>
</testsuite>