<testsuite tests='2' results='2' failures='0' disabled='0' errors='0' time='0.177' name='behavior.virheviestin_nakyminen'>
  <testcase classname='behavior.virheviestin_nakyminen' name='Virheviesti näkyy tyhjillä pakollisilla kentillä lisätessä' time='0.061' />
  <testcase classname='behavior.virheviestin_nakyminen' name='Virheviesti on tyhjä, kun kaikki pakolliset kentät täytetty' time='0.053' />
</testsuite>