<testsuite tests='1' results='1' failures='0' disabled='0' errors='0' time='1.583' name='behavior.bookin_luonti'>
  <testcase classname='behavior.bookin_luonti' name='Käyttäjä voi lisätä oikeellisen viitteen' time='0.805' />
</testsuite>