<testsuite tests='2' results='1' failures='1' disabled='0' errors='0' time='0.282' name='behavior.virheviestin_nakyminen'>
  <testcase classname='behavior.virheviestin_nakyminen' name='Virheviesti n√§kyy tyhjill√§ pakollisilla kentill√§ lis√§tess√§' time='0.128'>
    <failure message='Step "viite luodaan" -- expected Pakollisia kentti√§ t√§ytt√§m√§tt√§ but was Pakollisia kentti‰ t‰ytt‰m‰tt‰!'>Step "viite luodaan" -- expected Pakollisia kentti√§ t√§ytt√§m√§tt√§ but was Pakollisia kentti‰ t‰ytt‰m‰tt‰!

    scenario Virheviesti n√§kyy tyhjill√§ pakollisilla kentill√§ lis√§tess√§
      given lis√§ys on auki
      when J√§tet√§√§n pakollisia kentti√§ t√§ytt√§m√§tt√§
      then viite luodaan</failure>
  </testcase>
  <testcase classname='behavior.virheviestin_nakyminen' name='Virheviesti on tyhj√§, kun kaikki pakolliset kent√§t t√§ytetty' time='0.094' />
</testsuite>